<?xml version="1.0" encoding="UTF-8"?><testsuite errors="0" failures="0" name="com.bestbuy.bestBuyTest.ProductTest" skipped="0" tests="5" time="1.84" timestamp="2020-12-23T22:20:15.929Z[Europe/London]"><testcase classname="com.bestbuy.bestBuyTest.ProductTest" name="This will read product- By product ID "/><testcase classname="com.bestbuy.bestBuyTest.ProductTest" name="This will get all products"/><testcase classname="com.bestbuy.bestBuyTest.ProductTest" name="This will delete and verify if product is deleted"/><testcase classname="com.bestbuy.bestBuyTest.ProductTest" name="This will update product"/><testcase classname="com.bestbuy.bestBuyTest.ProductTest" name="This will create product "/></testsuite>