<?xml version="1.0" encoding="UTF-8"?><testsuite errors="2" failures="0" name="com.bestbuy.bestBuyTest.ServicesTest" skipped="0" tests="5" time="0.56" timestamp="2020-12-23T22:20:17.828Z[Europe/London]"><testcase classname="com.bestbuy.bestBuyTest.ServicesTest" name="This will read services- By name "/><testcase classname="com.bestbuy.bestBuyTest.ServicesTest" name="This will get all services"/><testcase classname="com.bestbuy.bestBuyTest.ServicesTest" name="This will delete and verify if services is deleted"><error message="java.lang.Integer cannot be cast to java.lang.String" type="java.lang.ClassCastException">java.lang.Integer cannot be cast to java.lang.String</error><system-err>java.lang.Integer cannot be cast to java.lang.String&#13;
com.bestbuy.bestBuyTest.ServicesTest.test004(ServicesTest.java:42)&#13;
</system-err></testcase><testcase classname="com.bestbuy.bestBuyTest.ServicesTest" name="This will update services"><error message="java.lang.Integer cannot be cast to java.lang.String" type="java.lang.ClassCastException">java.lang.Integer cannot be cast to java.lang.String</error><system-err>java.lang.Integer cannot be cast to java.lang.String&#13;
com.bestbuy.bestBuyTest.ServicesTest.test005(ServicesTest.java:50)&#13;
</system-err></testcase><testcase classname="com.bestbuy.bestBuyTest.ServicesTest" name="This will create a record"/></testsuite>