<?xml version="1.0" encoding="UTF-8"?><testsuite errors="0" failures="0" name="com.bestbuy.bestBuyTest.StoresTest" skipped="0" tests="4" time="0.56" timestamp="2020-12-23T22:20:18.439Z[Europe/London]"><testcase classname="com.bestbuy.bestBuyTest.StoresTest" name="This will read Store by Name "/><testcase classname="com.bestbuy.bestBuyTest.StoresTest" name="This will get all stores"/><testcase classname="com.bestbuy.bestBuyTest.StoresTest" name="This will delete and verify if store is deleted"/><testcase classname="com.bestbuy.bestBuyTest.StoresTest" name="This will create stores "/></testsuite>